a2021-10-21 13:15:02,328 DEBUG [main] cache:45 - Couldn't find template in cache for "Extent.ftl"("en_IN", UTF-8, parsed); will try to load it.
 2021-10-21 13:15:02,330 DEBUG [main] cache:45 - TemplateLoader.findTemplateSource("Extent_en_IN.ftl"): Not found
 2021-10-21 13:15:02,332 DEBUG [main] cache:45 - TemplateLoader.findTemplateSource("Extent_en.ftl"): Not found
 2021-10-21 13:15:02,334 DEBUG [main] cache:45 - TemplateLoader.findTemplateSource("Extent.ftl"): Found
 2021-10-21 13:15:02,334 DEBUG [main] cache:45 - Loading template for "Extent.ftl"("en_IN", UTF-8, parsed) from "jar:file:/C:/Users/Debjeet/.m2/repository/com/relevantcodes/extentreports/2.41.2/extentreports-2.41.2.jar!/com/relevantcodes/extentreports/view/Extent.ftl"
 2021-10-21 13:15:02,545 DEBUG [main] cache:45 - Couldn't find template in cache for "Extent.ftl"("en_IN", UTF-8, parsed); will try to load it.
 2021-10-21 13:15:02,546 DEBUG [main] cache:45 - TemplateLoader.findTemplateSource("Extent_en_IN.ftl"): Not found
 2021-10-21 13:15:02,547 DEBUG [main] cache:45 - TemplateLoader.findTemplateSource("Extent_en.ftl"): Not found
 2021-10-21 13:15:02,548 DEBUG [main] cache:45 - TemplateLoader.findTemplateSource("Extent.ftl"): Found
 2021-10-21 13:15:02,548 DEBUG [main] cache:45 - Loading template for "Extent.ftl"("en_IN", UTF-8, parsed) from "jar:file:/C:/Users/Debjeet/.m2/repository/com/relevantcodes/extentreports/2.41.2/extentreports-2.41.2.jar!/com/relevantcodes/extentreports/view/Extent.ftl"
 2021-10-21 13:50:11,509 DEBUG [main] cache:45 - Couldn't find template in cache for "Extent.ftl"("en_IN", UTF-8, parsed); will try to load it.
 2021-10-21 13:50:11,511 DEBUG [main] cache:45 - TemplateLoader.findTemplateSource("Extent_en_IN.ftl"): Not found
 2021-10-21 13:50:11,512 DEBUG [main] cache:45 - TemplateLoader.findTemplateSource("Extent_en.ftl"): Not found
 2021-10-21 13:50:11,513 DEBUG [main] cache:45 - TemplateLoader.findTemplateSource("Extent.ftl"): Found
 2021-10-21 13:50:11,513 DEBUG [main] cache:45 - Loading template for "Extent.ftl"("en_IN", UTF-8, parsed) from "jar:file:/C:/Users/Debjeet/.m2/repository/com/relevantcodes/extentreports/2.41.2/extentreports-2.41.2.jar!/com/relevantcodes/extentreports/view/Extent.ftl"
 2021-10-21 13:50:11,678 DEBUG [main] cache:45 - Couldn't find template in cache for "Extent.ftl"("en_IN", UTF-8, parsed); will try to load it.
 2021-10-21 13:50:11,679 DEBUG [main] cache:45 - TemplateLoader.findTemplateSource("Extent_en_IN.ftl"): Not found
 2021-10-21 13:50:11,679 DEBUG [main] cache:45 - TemplateLoader.findTemplateSource("Extent_en.ftl"): Not found
 2021-10-21 13:50:11,680 DEBUG [main] cache:45 - TemplateLoader.findTemplateSource("Extent.ftl"): Found
 2021-10-21 13:50:11,680 DEBUG [main] cache:45 - Loading template for "Extent.ftl"("en_IN", UTF-8, parsed) from "jar:file:/C:/Users/Debjeet/.m2/repository/com/relevantcodes/extentreports/2.41.2/extentreports-2.41.2.jar!/com/relevantcodes/extentreports/view/Extent.ftl"
 2021-10-21 16:13:45,085 DEBUG [main] cache:45 - Couldn't find template in cache for "Extent.ftl"("en_IN", UTF-8, parsed); will try to load it.
 2021-10-21 16:13:45,103 DEBUG [main] cache:45 - TemplateLoader.findTemplateSource("Extent_en_IN.ftl"): Not found
 2021-10-21 16:13:45,104 DEBUG [main] cache:45 - TemplateLoader.findTemplateSource("Extent_en.ftl"): Not found
 2021-10-21 16:13:45,105 DEBUG [main] cache:45 - TemplateLoader.findTemplateSource("Extent.ftl"): Found
 2021-10-21 16:13:45,105 DEBUG [main] cache:45 - Loading template for "Extent.ftl"("en_IN", UTF-8, parsed) from "jar:file:/C:/Users/Debjeet/.m2/repository/com/relevantcodes/extentreports/2.41.2/extentreports-2.41.2.jar!/com/relevantcodes/extentreports/view/Extent.ftl"
 2021-10-21 16:13:45,365 DEBUG [main] cache:45 - Couldn't find template in cache for "Extent.ftl"("en_IN", UTF-8, parsed); will try to load it.
 2021-10-21 16:13:45,366 DEBUG [main] cache:45 - TemplateLoader.findTemplateSource("Extent_en_IN.ftl"): Not found
 2021-10-21 16:13:45,366 DEBUG [main] cache:45 - TemplateLoader.findTemplateSource("Extent_en.ftl"): Not found
 2021-10-21 16:13:45,367 DEBUG [main] cache:45 - TemplateLoader.findTemplateSource("Extent.ftl"): Found
 2021-10-21 16:13:45,367 DEBUG [main] cache:45 - Loading template for "Extent.ftl"("en_IN", UTF-8, parsed) from "jar:file:/C:/Users/Debjeet/.m2/repository/com/relevantcodes/extentreports/2.41.2/extentreports-2.41.2.jar!/com/relevantcodes/extentreports/view/Extent.ftl"
 2021-10-21 18:51:58,435 DEBUG [main] cache:45 - Couldn't find template in cache for "Extent.ftl"("en_IN", UTF-8, parsed); will try to load it.
 2021-10-21 18:51:58,471 DEBUG [main] cache:45 - TemplateLoader.findTemplateSource("Extent_en_IN.ftl"): Not found
 2021-10-21 18:51:58,472 DEBUG [main] cache:45 - TemplateLoader.findTemplateSource("Extent_en.ftl"): Not found
 2021-10-21 18:51:58,473 DEBUG [main] cache:45 - TemplateLoader.findTemplateSource("Extent.ftl"): Found
 2021-10-21 18:51:58,473 DEBUG [main] cache:45 - Loading template for "Extent.ftl"("en_IN", UTF-8, parsed) from "jar:file:/C:/Users/Debjeet/.m2/repository/com/relevantcodes/extentreports/2.41.2/extentreports-2.41.2.jar!/com/relevantcodes/extentreports/view/Extent.ftl"
 2021-10-21 18:51:58,781 DEBUG [main] cache:45 - Couldn't find template in cache for "Extent.ftl"("en_IN", UTF-8, parsed); will try to load it.
 2021-10-21 18:51:58,782 DEBUG [main] cache:45 - TemplateLoader.findTemplateSource("Extent_en_IN.ftl"): Not found
 2021-10-21 18:51:58,782 DEBUG [main] cache:45 - TemplateLoader.findTemplateSource("Extent_en.ftl"): Not found
 2021-10-21 18:51:58,782 DEBUG [main] cache:45 - TemplateLoader.findTemplateSource("Extent.ftl"): Found
 2021-10-21 18:51:58,782 DEBUG [main] cache:45 - Loading template for "Extent.ftl"("en_IN", UTF-8, parsed) from "jar:file:/C:/Users/Debjeet/.m2/repository/com/relevantcodes/extentreports/2.41.2/extentreports-2.41.2.jar!/com/relevantcodes/extentreports/view/Extent.ftl"
 2021-10-21 19:29:25,037 DEBUG [main] cache:45 - Couldn't find template in cache for "Extent.ftl"("en_IN", UTF-8, parsed); will try to load it.
 2021-10-21 19:29:25,049 DEBUG [main] cache:45 - TemplateLoader.findTemplateSource("Extent_en_IN.ftl"): Not found
 2021-10-21 19:29:25,051 DEBUG [main] cache:45 - TemplateLoader.findTemplateSource("Extent_en.ftl"): Not found
 2021-10-21 19:29:25,051 DEBUG [main] cache:45 - TemplateLoader.findTemplateSource("Extent.ftl"): Found
 2021-10-21 19:29:25,052 DEBUG [main] cache:45 - Loading template for "Extent.ftl"("en_IN", UTF-8, parsed) from "jar:file:/C:/Users/Debjeet/.m2/repository/com/relevantcodes/extentreports/2.41.2/extentreports-2.41.2.jar!/com/relevantcodes/extentreports/view/Extent.ftl"
 2021-10-21 19:29:25,580 DEBUG [main] cache:45 - Couldn't find template in cache for "Extent.ftl"("en_IN", UTF-8, parsed); will try to load it.
 2021-10-21 19:29:25,581 DEBUG [main] cache:45 - TemplateLoader.findTemplateSource("Extent_en_IN.ftl"): Not found
 2021-10-21 19:29:25,582 DEBUG [main] cache:45 - TemplateLoader.findTemplateSource("Extent_en.ftl"): Not found
 2021-10-21 19:29:25,582 DEBUG [main] cache:45 - TemplateLoader.findTemplateSource("Extent.ftl"): Found
 2021-10-21 19:29:25,582 DEBUG [main] cache:45 - Loading template for "Extent.ftl"("en_IN", UTF-8, parsed) from "jar:file:/C:/Users/Debjeet/.m2/repository/com/relevantcodes/extentreports/2.41.2/extentreports-2.41.2.jar!/com/relevantcodes/extentreports/view/Extent.ftl"
 