
02:15:14.515 [main] INFO  com.mindree.reusableComponent.Base - Url working fine
02:15:14.984 [main] INFO  com.mindree.reusableComponent.Base - Entered book name
02:15:22.740 [main] INFO  com.mindree.reusableComponent.Base - Searched for book
02:15:50.866 [main] INFO  com.mindree.reusableComponent.Base - Url working fine
02:15:55.911 [main] INFO  com.mindree.reusableComponent.Base - Successfully clicked on cart
11:08:40.157 [main] INFO  com.mindree.reusableComponent.Base - Url working fine
11:08:41.483 [main] INFO  com.mindree.reusableComponent.Base - Entered book name
11:08:44.895 [main] INFO  com.mindree.reusableComponent.Base - Searched for book
11:09:03.444 [main] INFO  com.mindree.reusableComponent.Base - Url working fine
11:09:07.358 [main] INFO  com.mindree.reusableComponent.Base - Successfully clicked on cart
10-21-2021 11:29:36.207 [main] INFO  com.mindtree.runner.HomePageValidation - Url working fine
10-21-2021 11:29:36.798 [main] INFO  com.mindtree.runner.HomePageValidation - Entered book name
10-21-2021 11:29:36.982 [main] INFO  com.mindtree.runner.HomePageValidation - Searched for book
10-21-2021 11:30:00.764 [main] INFO  com.mindtree.runner.CartCheckValidation - Url working fine
10-21-2021 11:30:08.711 [main] INFO  com.mindtree.runner.CartCheckValidation - Successfully clicked on cart
10-21-2021 11:47:20.158 [main] INFO  com.mindtree.runner.HomePageValidation - Url working fine
10-21-2021 11:47:20.931 [main] INFO  com.mindtree.runner.HomePageValidation - Entered book name
10-21-2021 11:47:24.699 [main] INFO  com.mindtree.runner.HomePageValidation - Searched for book
10-21-2021 11:47:49.028 [main] INFO  com.mindtree.runner.CartCheckValidation - Url working fine
10-21-2021 11:47:55.230 [main] INFO  com.mindtree.runner.CartCheckValidation - Successfully clicked on cart
10-21-2021 13:02:23.226 [main] INFO  com.mindtree.runner.HomePageValidation - Url working fine
10-21-2021 13:02:23.829 [main] INFO  com.mindtree.runner.HomePageValidation - Entered book name
10-21-2021 13:02:27.636 [main] INFO  com.mindtree.runner.HomePageValidation - Searched for book
10-21-2021 13:02:50.495 [main] INFO  com.mindtree.runner.CartCheckValidation - Url working fine
10-21-2021 13:02:58.649 [main] INFO  com.mindtree.runner.CartCheckValidation - Successfully clicked on cart
10-21-2021 13:14:17.858 [main] INFO  com.mindtree.runner.HomePageValidation - Url working fine
10-21-2021 13:14:18.774 [main] INFO  com.mindtree.runner.HomePageValidation - Entered book name
10-21-2021 13:14:25.027 [main] INFO  com.mindtree.runner.HomePageValidation - Searched for book
10-21-2021 13:14:52.879 [main] INFO  com.mindtree.runner.CartCheckValidation - Url working fine
10-21-2021 13:15:01.725 [main] INFO  com.mindtree.runner.CartCheckValidation - Successfully clicked on cart
10-21-2021 13:18:32.710 [main] INFO  com.mindtree.runner.HomePageValidation - Url working fine
10-21-2021 13:18:33.194 [main] INFO  com.mindtree.runner.HomePageValidation - Entered book name
10-21-2021 13:18:33.339 [main] INFO  com.mindtree.runner.HomePageValidation - Searched for book
10-21-2021 13:18:56.829 [main] INFO  com.mindtree.runner.CartCheckValidation - Url working fine
10-21-2021 13:19:04.558 [main] INFO  com.mindtree.runner.CartCheckValidation - Successfully clicked on cart
10-21-2021 13:31:28.756 [main] INFO  com.mindtree.runner.HomePageValidation - Url working fine
10-21-2021 13:31:29.116 [main] INFO  com.mindtree.runner.HomePageValidation - Entered book name
10-21-2021 13:31:35.295 [main] INFO  com.mindtree.runner.HomePageValidation - Searched for book
10-21-2021 13:32:05.058 [main] INFO  com.mindtree.runner.CartCheckValidation - Url working fine
10-21-2021 13:32:08.201 [main] INFO  com.mindtree.runner.CartCheckValidation - Successfully clicked on cart
10-21-2021 13:47:03.435 [main] INFO  com.mindtree.runner.HomePageValidation - Url working fine
10-21-2021 13:47:03.835 [main] INFO  com.mindtree.runner.HomePageValidation - Entered book name
10-21-2021 13:47:15.165 [main] INFO  com.mindtree.runner.HomePageValidation - Searched for book
10-21-2021 13:47:41.237 [main] INFO  com.mindtree.runner.CartCheckValidation - Url working fine
10-21-2021 13:47:42.433 [main] INFO  com.mindtree.runner.CartCheckValidation - Successfully clicked on cart
10-21-2021 13:49:33.425 [main] INFO  com.mindtree.runner.HomePageValidation - Url working fine
10-21-2021 13:49:33.782 [main] INFO  com.mindtree.runner.HomePageValidation - Entered book name
10-21-2021 13:49:37.943 [main] INFO  com.mindtree.runner.HomePageValidation - Searched for book
10-21-2021 13:50:03.508 [main] INFO  com.mindtree.runner.CartCheckValidation - Url working fine
10-21-2021 13:50:09.158 [main] INFO  com.mindtree.runner.CartCheckValidation - Successfully clicked on cart
10-21-2021 16:13:12.302 [main] INFO  com.mindtree.runner.HomePageValidation - Url working fine
10-21-2021 16:13:13.530 [main] INFO  com.mindtree.runner.HomePageValidation - Entered book name
10-21-2021 16:13:13.655 [main] INFO  com.mindtree.runner.HomePageValidation - Searched for book
10-21-2021 16:13:36.262 [main] INFO  com.mindtree.runner.CartCheckValidation - Url working fine
10-21-2021 16:13:42.086 [main] INFO  com.mindtree.runner.CartCheckValidation - Successfully clicked on cart
10-21-2021 18:51:12.496 [main] INFO  com.mindtree.runner.HomePageValidation - Url working fine
10-21-2021 18:51:13.345 [main] INFO  com.mindtree.runner.HomePageValidation - Entered book name
10-21-2021 18:51:19.542 [main] INFO  com.mindtree.runner.HomePageValidation - Searched for book
10-21-2021 18:51:49.216 [main] INFO  com.mindtree.runner.CartCheckValidation - Url working fine
10-21-2021 18:51:54.746 [main] INFO  com.mindtree.runner.CartCheckValidation - Successfully clicked on cart
10-21-2021 19:29:23.467 [main] INFO  com.mindtree.runner.HomePageValidation - Url working fine
10-21-2021 19:29:23.993 [main] INFO  com.mindtree.runner.HomePageValidation - Entered book name
10-21-2021 19:29:24.266 [main] INFO  com.mindtree.runner.HomePageValidation - Searched for book
10-21-2021 19:31:58.512 [main] INFO  com.mindtree.runner.HomePageValidation - Url working fine
10-21-2021 19:31:58.989 [main] INFO  com.mindtree.runner.HomePageValidation - Entered book name
10-21-2021 19:32:02.241 [main] INFO  com.mindtree.runner.HomePageValidation - Searched for book
10-21-2021 19:33:10.358 [main] INFO  com.mindtree.runner.HomePageValidation - Url working fine
10-21-2021 19:33:10.834 [main] INFO  com.mindtree.runner.HomePageValidation - Entered book name
10-21-2021 19:33:13.995 [main] INFO  com.mindtree.runner.HomePageValidation - Searched for book
10-21-2021 19:33:33.416 [main] INFO  com.mindtree.runner.CartCheckValidation - Url working fine
10-21-2021 19:33:37.215 [main] INFO  com.mindtree.runner.CartCheckValidation - Successfully clicked on cart
10-22-2021 11:36:59.405 [main] INFO  com.mindtree.runner.HomePageValidation - Url working fine
10-22-2021 11:37:00.040 [main] INFO  com.mindtree.runner.HomePageValidation - Entered book name
10-22-2021 11:37:00.298 [main] INFO  com.mindtree.runner.HomePageValidation - Searched for book
10-22-2021 11:37:24.210 [main] INFO  com.mindtree.runner.CartCheckValidation - Url working fine
10-22-2021 11:37:32.390 [main] INFO  com.mindtree.runner.CartCheckValidation - Successfully clicked on cart
10-22-2021 11:40:41.406 [main] INFO  com.mindtree.runner.HomePageValidation - Url working fine
10-22-2021 11:40:41.882 [main] INFO  com.mindtree.runner.HomePageValidation - Entered book name
10-22-2021 11:40:54.253 [main] INFO  com.mindtree.runner.HomePageValidation - Searched for book
10-22-2021 11:41:19.737 [main] INFO  com.mindtree.runner.CartCheckValidation - Url working fine
10-22-2021 11:41:25.222 [main] INFO  com.mindtree.runner.CartCheckValidation - Successfully clicked on cart
10-24-2021 10:50:03.340 [main] INFO  com.mindtree.runner.HomePageValidation - Url working fine
10-24-2021 10:50:04.125 [main] INFO  com.mindtree.runner.HomePageValidation - Entered book name
10-24-2021 10:50:04.330 [main] INFO  com.mindtree.runner.HomePageValidation - Searched for book
10-24-2021 10:50:41.396 [main] INFO  com.mindtree.runner.CartCheckValidation - Url working fine
10-24-2021 10:50:49.610 [main] INFO  com.mindtree.runner.CartCheckValidation - Successfully clicked on cart
11-02-2021 19:08:03.302 [main] INFO  com.mindtree.runner.HomePageValidation - Url working fine
11-02-2021 19:08:04.108 [main] INFO  com.mindtree.runner.HomePageValidation - Entered book name
11-02-2021 19:08:11.501 [main] INFO  com.mindtree.runner.HomePageValidation - Searched for book
11-02-2021 19:08:36.119 [main] INFO  com.mindtree.runner.CartCheckValidation - Url working fine
11-02-2021 19:08:41.235 [main] INFO  com.mindtree.runner.CartCheckValidation - Successfully clicked on cart
